<?xml version="1.0" encoding="UTF-8"?>
<!-- Generated by org.testng.reporters.JUnitXMLReporter -->
<testsuite ignored="0" hostname="dell" failures="1" tests="1" name="Default test(failed)" time="11.153" errors="0" timestamp="2022-07-22T19:18:53 IST">
  <testcase classname="Test.test" name="TestCase1" time="0.024">
    <failure type="java.lang.NullPointerException">
      <![CDATA[java.lang.NullPointerException
at org.openqa.selenium.support.pagefactory.DefaultElementLocator.findElement(DefaultElementLocator.java:70)
at org.openqa.selenium.support.pagefactory.internal.LocatingElementHandler.invoke(LocatingElementHandler.java:39)
at com.sun.proxy.$Proxy15.getText(Unknown Source)
at pomclasses.wikipediapage1.getReleaseDate(wikipediapage1.java:24)
at Test.test.TestCase1(test.java:33)
at java.base/java.util.ArrayList.forEach(ArrayList.java:1541)
... Removed 27 stack frames]]>
    </failure>
  </testcase> <!-- TestCase1 -->
</testsuite> <!-- Default test(failed) -->
