<?xml version="1.0" encoding="UTF-8"?>
<testng-results ignored="0" total="2" passed="1" failed="1" skipped="0">
  <reporter-output>
  </reporter-output>
  <suite started-at="2022-08-03T22:46:40 IST" name="Default suite" finished-at="2022-08-03T22:47:34 IST" duration-ms="54071">
    <groups>
    </groups>
    <test started-at="2022-08-03T22:46:40 IST" name="Default test" finished-at="2022-08-03T22:47:34 IST" duration-ms="54071">
      <class name="Test.test">
        <test-method is-config="true" signature="GetWikipediaDetails()[pri:0, instance:Test.test@6fd83fc1]" started-at="2022-08-03T22:46:40 IST" name="GetWikipediaDetails" finished-at="2022-08-03T22:46:49 IST" duration-ms="9282" status="PASS">
          <reporter-output>
          </reporter-output>
        </test-method> <!-- GetWikipediaDetails -->
        <test-method is-config="true" signature="GetIMDBDetails()[pri:0, instance:Test.test@6fd83fc1]" started-at="2022-08-03T22:46:49 IST" name="GetIMDBDetails" finished-at="2022-08-03T22:47:01 IST" duration-ms="11856" status="PASS">
          <reporter-output>
          </reporter-output>
        </test-method> <!-- GetIMDBDetails -->
        <test-method signature="TestCase1VerifyCountry()[pri:0, instance:Test.test@6fd83fc1]" started-at="2022-08-03T22:47:01 IST" name="TestCase1VerifyCountry" finished-at="2022-08-03T22:47:01 IST" duration-ms="18" status="PASS">
          <reporter-output>
          </reporter-output>
        </test-method> <!-- TestCase1VerifyCountry -->
        <test-method is-config="true" signature="GetIMDBDetails()[pri:0, instance:Test.test@6fd83fc1]" started-at="2022-08-03T22:47:01 IST" name="GetIMDBDetails" finished-at="2022-08-03T22:47:34 IST" duration-ms="32818" status="PASS">
          <reporter-output>
          </reporter-output>
        </test-method> <!-- GetIMDBDetails -->
        <test-method signature="TestCase2VerifyReleaseDate()[pri:0, instance:Test.test@6fd83fc1]" started-at="2022-08-03T22:47:34 IST" name="TestCase2VerifyReleaseDate" finished-at="2022-08-03T22:47:34 IST" duration-ms="3" status="FAIL">
          <exception class="junit.framework.ComparisonFailure">
            <message>
              <![CDATA[expected:<17 December 2021> but was:<January 7, 2022 (United States)>]]>
            </message>
            <full-stacktrace>
              <![CDATA[junit.framework.ComparisonFailure: expected:<17 December 2021> but was:<January 7, 2022 (United States)>
at junit.framework.Assert.assertEquals(Assert.java:81)
at junit.framework.Assert.assertEquals(Assert.java:87)
at Test.test.TestCase2VerifyReleaseDate(test.java:64)
at java.base/jdk.internal.reflect.NativeMethodAccessorImpl.invoke0(Native Method)
at java.base/jdk.internal.reflect.NativeMethodAccessorImpl.invoke(NativeMethodAccessorImpl.java:62)
at java.base/jdk.internal.reflect.DelegatingMethodAccessorImpl.invoke(DelegatingMethodAccessorImpl.java:43)
at java.base/java.lang.reflect.Method.invoke(Method.java:566)
at org.testng.internal.MethodInvocationHelper.invokeMethod(MethodInvocationHelper.java:133)
at org.testng.internal.TestInvoker.invokeMethod(TestInvoker.java:598)
at org.testng.internal.TestInvoker.invokeTestMethod(TestInvoker.java:173)
at org.testng.internal.MethodRunner.runInSequence(MethodRunner.java:46)
at org.testng.internal.TestInvoker$MethodInvocationAgent.invoke(TestInvoker.java:824)
at org.testng.internal.TestInvoker.invokeTestMethods(TestInvoker.java:146)
at org.testng.internal.TestMethodWorker.invokeTestMethods(TestMethodWorker.java:146)
at org.testng.internal.TestMethodWorker.run(TestMethodWorker.java:128)
at java.base/java.util.ArrayList.forEach(ArrayList.java:1541)
at org.testng.TestRunner.privateRun(TestRunner.java:794)
at org.testng.TestRunner.run(TestRunner.java:596)
at org.testng.SuiteRunner.runTest(SuiteRunner.java:377)
at org.testng.SuiteRunner.runSequentially(SuiteRunner.java:371)
at org.testng.SuiteRunner.privateRun(SuiteRunner.java:332)
at org.testng.SuiteRunner.run(SuiteRunner.java:276)
at org.testng.SuiteRunnerWorker.runSuite(SuiteRunnerWorker.java:53)
at org.testng.SuiteRunnerWorker.run(SuiteRunnerWorker.java:96)
at org.testng.TestNG.runSuitesSequentially(TestNG.java:1212)
at org.testng.TestNG.runSuitesLocally(TestNG.java:1134)
at org.testng.TestNG.runSuites(TestNG.java:1063)
at org.testng.TestNG.run(TestNG.java:1031)
at org.testng.remote.AbstractRemoteTestNG.run(AbstractRemoteTestNG.java:115)
at org.testng.remote.RemoteTestNG.initAndRun(RemoteTestNG.java:251)
at org.testng.remote.RemoteTestNG.main(RemoteTestNG.java:77)
]]>
            </full-stacktrace>
          </exception> <!-- junit.framework.ComparisonFailure -->
          <reporter-output>
          </reporter-output>
        </test-method> <!-- TestCase2VerifyReleaseDate -->
      </class> <!-- Test.test -->
    </test> <!-- Default test -->
  </suite> <!-- Default suite -->
</testng-results>
